<?xml version="1.0" encoding="UTF-8"?>
<testng-results ignored="0" total="1" passed="1" failed="0" skipped="0">
  <reporter-output>
  </reporter-output>
  <suite started-at="2021-06-18T21:15:39 IST" name="Default suite" finished-at="2021-06-18T21:15:50 IST" duration-ms="11348">
    <groups>
    </groups>
    <test started-at="2021-06-18T21:15:39 IST" name="Default test" finished-at="2021-06-18T21:15:50 IST" duration-ms="11348">
      <class name="test.TestGuruLoginWIthPageFactory">
        <test-method is-config="true" signature="setUp()[pri:0, instance:test.TestGuruLoginWIthPageFactory@2e4b8173]" started-at="2021-06-18T21:15:39 IST" name="setUp" finished-at="2021-06-18T21:15:43 IST" duration-ms="3831" status="PASS">
          <reporter-output>
          </reporter-output>
        </test-method> <!-- setUp -->
        <test-method signature="testHomePageAPpearCorrect()[pri:0, instance:test.TestGuruLoginWIthPageFactory@2e4b8173]" started-at="2021-06-18T21:15:43 IST" name="testHomePageAPpearCorrect" finished-at="2021-06-18T21:15:48 IST" duration-ms="5824" status="PASS">
          <reporter-output>
          </reporter-output>
        </test-method> <!-- testHomePageAPpearCorrect -->
        <test-method is-config="true" signature="close()[pri:0, instance:test.TestGuruLoginWIthPageFactory@2e4b8173]" started-at="2021-06-18T21:15:48 IST" name="close" finished-at="2021-06-18T21:15:50 IST" duration-ms="1602" status="PASS">
          <reporter-output>
          </reporter-output>
        </test-method> <!-- close -->
      </class> <!-- test.TestGuruLoginWIthPageFactory -->
    </test> <!-- Default test -->
  </suite> <!-- Default suite -->
</testng-results>
